Using pre-set license
Built from '2020.3/staging' branch; Version is '2020.3.20f1 (41c4e627c95f) revision 4310246'; Using compiler version '192528614'; Build Type 'Release'
OS: 'Windows 10 Home; OS build 19042.1415; Version 2009; 64bit' Language: 'ja' Physical Memory: 16126 MB
BatchMode: 1, IsHumanControllingUs: 0, StartBugReporterOnCrash: 0, Is64bit: 1, IsPro: 0

COMMAND LINE ARGUMENTS:
C:\Program Files\Unity\Hub\Editor\2020.3.20f1\Editor\Unity.exe
-adb2
-batchMode
-noUpm
-name
AssetImportWorker0
-projectPath
C:/TikyuuBoueigunn
-logFile
Logs/AssetImportWorker0.log
-srvPort
56447
Successfully changed project path to: C:/TikyuuBoueigunn
C:/TikyuuBoueigunn
Using Asset Import Pipeline V2.
Refreshing native plugins compatible for Editor in 32.54 ms, found 2 plugins.
Preloading 0 native plugins for Editor in 0.00 ms.
Initialize engine version: 2020.3.20f1 (41c4e627c95f)
[Subsystems] Discovering subsystems at path C:/Program Files/Unity/Hub/Editor/2020.3.20f1/Editor/Data/Resources/UnitySubsystems
[Subsystems] Discovering subsystems at path C:/TikyuuBoueigunn/Assets
GfxDevice: creating device client; threaded=0
Direct3D:
    Version:  Direct3D 11.0 [level 11.1]
    Renderer: NVIDIA GeForce RTX 3050 Ti Laptop GPU (ID=0x25a0)
    Vendor:   
    VRAM:     3990 MB
    Driver:   27.21.14.6236
Initialize mono
Mono path[0] = 'C:/Program Files/Unity/Hub/Editor/2020.3.20f1/Editor/Data/Managed'
Mono path[1] = 'C:/Program Files/Unity/Hub/Editor/2020.3.20f1/Editor/Data/MonoBleedingEdge/lib/mono/unityjit'
Mono config path = 'C:/Program Files/Unity/Hub/Editor/2020.3.20f1/Editor/Data/MonoBleedingEdge/etc'
Using monoOptions --debugger-agent=transport=dt_socket,embedding=1,server=y,suspend=n,address=127.0.0.1:56252
Begin MonoManager ReloadAssembly
Registering precompiled unity dll's ...
Register platform support module: C:/Program Files/Unity/Hub/Editor/2020.3.20f1/Editor/Data/PlaybackEngines/WindowsStandaloneSupport/UnityEditor.WindowsStandalone.Extensions.dll
Registered in 0.001779 seconds.
Native extension for WindowsStandalone target not found
Refreshing native plugins compatible for Editor in 38.27 ms, found 2 plugins.
Preloading 0 native plugins for Editor in 0.00 ms.
Mono: successfully reloaded assembly
- Completed reload, in  1.581 seconds
Domain Reload Profiling:
	ReloadAssembly (1581ms)
		BeginReloadAssembly (53ms)
			ExecutionOrderSort (0ms)
			DisableScriptedObjects (0ms)
			BackupInstance (0ms)
			ReleaseScriptingObjects (0ms)
			CreateAndSetChildDomain (1ms)
		EndReloadAssembly (297ms)
			LoadAssemblies (51ms)
			RebuildTransferFunctionScriptingTraits (0ms)
			SetupTypeCache (96ms)
			ReleaseScriptCaches (0ms)
			RebuildScriptCaches (20ms)
			SetupLoadedEditorAssemblies (123ms)
				LogAssemblyErrors (0ms)
				InitializePlatformSupportModulesInManaged (3ms)
				SetLoadedEditorAssemblies (0ms)
				RefreshPlugins (38ms)
				BeforeProcessingInitializeOnLoad (12ms)
				ProcessInitializeOnLoadAttributes (51ms)
				ProcessInitializeOnLoadMethodAttributes (19ms)
				AfterProcessingInitializeOnLoad (0ms)
				EditorAssembliesLoaded (0ms)
			ExecutionOrderSort2 (0ms)
			AwakeInstancesAfterBackupRestoration (0ms)
Platform modules already initialized, skipping
Registering precompiled user dll's ...
Registered in 0.003883 seconds.
Begin MonoManager ReloadAssembly
Native extension for WindowsStandalone target not found
Refreshing native plugins compatible for Editor in 0.55 ms, found 2 plugins.
Preloading 0 native plugins for Editor in 0.00 ms.
Mono: successfully reloaded assembly
- Completed reload, in  0.748 seconds
Domain Reload Profiling:
	ReloadAssembly (749ms)
		BeginReloadAssembly (97ms)
			ExecutionOrderSort (0ms)
			DisableScriptedObjects (3ms)
			BackupInstance (0ms)
			ReleaseScriptingObjects (0ms)
			CreateAndSetChildDomain (14ms)
		EndReloadAssembly (609ms)
			LoadAssemblies (76ms)
			RebuildTransferFunctionScriptingTraits (0ms)
			SetupTypeCache (198ms)
			ReleaseScriptCaches (0ms)
			RebuildScriptCaches (33ms)
			SetupLoadedEditorAssemblies (240ms)
				LogAssemblyErrors (0ms)
				InitializePlatformSupportModulesInManaged (6ms)
				SetLoadedEditorAssemblies (0ms)
				RefreshPlugins (1ms)
				BeforeProcessingInitializeOnLoad (59ms)
				ProcessInitializeOnLoadAttributes (163ms)
				ProcessInitializeOnLoadMethodAttributes (6ms)
				AfterProcessingInitializeOnLoad (5ms)
				EditorAssembliesLoaded (0ms)
			ExecutionOrderSort2 (0ms)
			AwakeInstancesAfterBackupRestoration (6ms)
Platform modules already initialized, skipping
========================================================================
Worker process is ready to serve import requests
Launched and connected shader compiler UnityShaderCompiler.exe after 0.04 seconds
Refreshing native plugins compatible for Editor in 0.42 ms, found 2 plugins.
Preloading 0 native plugins for Editor in 0.00 ms.
Unloading 1764 Unused Serialized files (Serialized files now loaded: 0)
System memory in use before: 101.0 MB.
System memory in use after: 101.1 MB.

Unloading 19 unused Assets to reduce memory usage. Loaded Objects now: 2228.
Total: 2.350600 ms (FindLiveObjects: 0.126000 ms CreateObjectMapping: 0.025800 ms MarkObjects: 2.107400 ms  DeleteObjects: 0.090600 ms)

AssetImportParameters requested are different than current active one (requested -> active):
  custom:framework-win-MediaFoundation: 216162199b28c13a410421893ffa2e32 -> 
  custom:video-decoder-ogg-theora: a1e56fd34408186e4bbccfd4996cb3dc -> 
  custom:container-muxer-webm: aa71ff27fc2769a1b78a27578f13a17b -> 
  custom:container-demuxer-webm: 4f35f7cbe854078d1ac9338744f61a02 -> 
  custom:container-demuxer-ogg: 62fdf1f143b41e24485cea50d1cbac27 -> 
  custom:video-encoder-webm-vp8: eb34c28f22e8b96e1ab97ce403110664 -> 
  custom:video-codec-MediaFoundation-h265: 746d11721c4dcdbdad8f713fa42b33f4 -> 
  custom:video-decoder-webm-vp8: 9c59270c3fd7afecdb556c50c9e8de78 -> 
  custom:audio-decoder-ogg-vorbis: bf7c407c2cedff20999df2af8eb42d56 -> 
  custom:audio-encoder-webm-vorbis: bf7c407c2cedff20999df2af8eb42d56 -> 
========================================================================
Received Import Request.
  path: Assets/Script/EnemyController.cs
  artifactKey: Guid(9ed115a4d7467734db0bc718f87b5bfa) Importer(815301076,1909f56bfc062723c751e8b465ee728b)
Start importing Assets/Script/EnemyController.cs using Guid(9ed115a4d7467734db0bc718f87b5bfa) Importer(815301076,1909f56bfc062723c751e8b465ee728b)  -> (artifact id: '6e22138cab893098bad41fa02af3dfae') in 0.029462 seconds 
  Import took 0.032109 seconds .

========================================================================
Received Import Request.
  Time since last request: 548.499602 seconds.
  path: Assets/EnemyRobots/Meshes/CannonMachine/CannonBullet.FBX
  artifactKey: Guid(8b8912c9fecf735458c53937e30ad6b0) Importer(815301076,1909f56bfc062723c751e8b465ee728b)
Start importing Assets/EnemyRobots/Meshes/CannonMachine/CannonBullet.FBX using Guid(8b8912c9fecf735458c53937e30ad6b0) Importer(815301076,1909f56bfc062723c751e8b465ee728b)  -> (artifact id: '4c13a2cef832be5c9db0127f3635ad20') in 0.108122 seconds 
  Import took 0.111451 seconds .

========================================================================
Received Import Request.
  Time since last request: 0.000215 seconds.
  path: Assets/EnemyRobots/Meshes/CannonMachine/CannonMachine.FBX
  artifactKey: Guid(3a09c2833b7155743ad97b5fbef16126) Importer(815301076,1909f56bfc062723c751e8b465ee728b)
Start importing Assets/EnemyRobots/Meshes/CannonMachine/CannonMachine.FBX using Guid(3a09c2833b7155743ad97b5fbef16126) Importer(815301076,1909f56bfc062723c751e8b465ee728b)  -> (artifact id: '80efe0a982c77a802102fba0b3a4a55a') in 0.056710 seconds 
  Import took 0.059289 seconds .

========================================================================
Received Import Request.
  Time since last request: 0.478834 seconds.
  path: Assets/EnemyRobots/Meshes/Eye/Robot_Eye.FBX
  artifactKey: Guid(31c3069f88e3a7f499ed5be203d80b8c) Importer(815301076,1909f56bfc062723c751e8b465ee728b)
Start importing Assets/EnemyRobots/Meshes/Eye/Robot_Eye.FBX using Guid(31c3069f88e3a7f499ed5be203d80b8c) Importer(815301076,1909f56bfc062723c751e8b465ee728b)  -> (artifact id: '80a9fc5ac16e31e76f1f41092b1fd17e') in 0.015800 seconds 
  Import took 0.018484 seconds .

========================================================================
Received Import Request.
  Time since last request: 1.314155 seconds.
  path: Assets/EnemyRobots/Meshes/MachineGunRobot/MachineGunRobot.FBX
  artifactKey: Guid(ad8d6a043ea202340b30ec4d6a6a507f) Importer(815301076,1909f56bfc062723c751e8b465ee728b)
Start importing Assets/EnemyRobots/Meshes/MachineGunRobot/MachineGunRobot.FBX using Guid(ad8d6a043ea202340b30ec4d6a6a507f) Importer(815301076,1909f56bfc062723c751e8b465ee728b)  -> (artifact id: '1dd5c80ba032a53b009a0ddb32f2b921') in 0.054881 seconds 
  Import took 0.057575 seconds .

========================================================================
Received Import Request.
  Time since last request: 14.912092 seconds.
  path: Assets/EnemyRobots/Materials/DemoScene/Ground.mat
  artifactKey: Guid(3ba8dc55cdcb9bd4e87e5742bec12623) Importer(815301076,1909f56bfc062723c751e8b465ee728b)
Start importing Assets/EnemyRobots/Materials/DemoScene/Ground.mat using Guid(3ba8dc55cdcb9bd4e87e5742bec12623) Importer(815301076,1909f56bfc062723c751e8b465ee728b)  -> (artifact id: '2d3bc2902ac5e936d1066ac369099137') in 0.110865 seconds 
  Import took 0.114421 seconds .

========================================================================
Received Import Request.
  Time since last request: 46.734843 seconds.
  path: Assets/Scenes/GameScene.unity
  artifactKey: Guid(9fc0d4010bbf28b4594072e72b8655ab) Importer(815301076,1909f56bfc062723c751e8b465ee728b)
Start importing Assets/Scenes/GameScene.unity using Guid(9fc0d4010bbf28b4594072e72b8655ab) Importer(815301076,1909f56bfc062723c751e8b465ee728b)  -> (artifact id: '2b9c41457267d31e7415fa80d8451a7e') in 0.003851 seconds 
  Import took 0.008533 seconds .

========================================================================
Received Import Request.
  Time since last request: 37.830683 seconds.
  path: Assets/EnemyRobots/Textures/Eye/Robot_Eye_MetallicSmoothness.png
  artifactKey: Guid(d55792461ed0625419577249866d7ae0) Importer(815301076,1909f56bfc062723c751e8b465ee728b)
Start importing Assets/EnemyRobots/Textures/Eye/Robot_Eye_MetallicSmoothness.png using Guid(d55792461ed0625419577249866d7ae0) Importer(815301076,1909f56bfc062723c751e8b465ee728b)  -> (artifact id: '32305da5a5ed0d157a413c1bdd18eadf') in 0.031290 seconds 
  Import took 0.034087 seconds .

========================================================================
Received Import Request.
  Time since last request: 0.000220 seconds.
  path: Assets/EnemyRobots/Textures/Eye/Robot_Eye_Normal.png
  artifactKey: Guid(32eee09e9d8abbb4a8cd2290f15ebe56) Importer(815301076,1909f56bfc062723c751e8b465ee728b)
Start importing Assets/EnemyRobots/Textures/Eye/Robot_Eye_Normal.png using Guid(32eee09e9d8abbb4a8cd2290f15ebe56) Importer(815301076,1909f56bfc062723c751e8b465ee728b)  -> (artifact id: '94fbbe1d44e45de85ce987dc9001ab98') in 0.030622 seconds 
  Import took 0.033234 seconds .

========================================================================
Received Import Request.
  Time since last request: 103.184401 seconds.
  path: Assets/EnemyRobots/Textures/Other/Laser.png
  artifactKey: Guid(4c65dce963d6c38468c5f0a33c8e04bd) Importer(815301076,1909f56bfc062723c751e8b465ee728b)
Start importing Assets/EnemyRobots/Textures/Other/Laser.png using Guid(4c65dce963d6c38468c5f0a33c8e04bd) Importer(815301076,1909f56bfc062723c751e8b465ee728b)  -> (artifact id: 'b94105378045bc5f53f9bb8aa4a2cb54') in 0.009843 seconds 
  Import took 0.012561 seconds .

